<?xml version="1.0" encoding="UTF-8"?>
<!-- Generated by org.testng.reporters.JUnitReportReporter -->
<testsuite skipped="0" hostname="personal" name="MyFramework.OpenHomePage" tests="2" failures="0" timestamp="2020-03-19T04:53:50 GMT" time="14.785" errors="0">
  <testcase name="Homepage" time="14.711" classname="MyFramework.OpenHomePage"/>
  <system-out/>
  <testcase name="ValidateTitle" time="0.074" classname="MyFramework.OpenHomePage"/>
  <system-out/>
</testsuite> <!-- MyFramework.OpenHomePage -->
