<?xml version="1.0" encoding="UTF-8"?>
<!-- Generated by org.testng.reporters.JUnitReportReporter -->
<testsuite skipped="0" hostname="personal" name="cucumberOptions.testRunner" tests="1" failures="0" timestamp="2020-03-21T04:26:32 GMT" time="0.030" errors="0">
  <testcase name="feature" time="0.030" classname="cucumberOptions.testRunner"/>
  <system-out/>
</testsuite> <!-- cucumberOptions.testRunner -->
