<?xml version="1.0" encoding="UTF-8"?>
<!-- Generated by org.testng.reporters.JUnitReportReporter -->
<testsuite skipped="0" hostname="personal" name="MyFramework.date" tests="1" failures="0" timestamp="2020-03-15T04:44:14 GMT" time="0.952" errors="0">
  <testcase name="datenow" time="0.952" classname="MyFramework.date"/>
  <system-out/>
</testsuite> <!-- MyFramework.date -->
