<?xml version="1.0" encoding="UTF-8"?>
<!-- Generated by org.testng.reporters.JUnitReportReporter -->
<testsuite skipped="0" hostname="personal" name="MyFramework.OpenHomePage" tests="2" failures="0" timestamp="2020-03-15T05:29:57 GMT" time="19.777" errors="0">
  <testcase name="ValidateTitle" time="0.588" classname="MyFramework.OpenHomePage"/>
  <system-out/>
  <testcase name="Homepage" time="19.189" classname="MyFramework.OpenHomePage"/>
  <system-out/>
</testsuite> <!-- MyFramework.OpenHomePage -->
