<?xml version="1.0" encoding="UTF-8"?>
<!-- Generated by org.testng.reporters.JUnitReportReporter -->
<testsuite skipped="0" hostname="personal" name="MyFramework.SignIn" tests="1" failures="0" timestamp="2020-03-15T05:29:57 GMT" time="3.936" errors="0">
  <testcase name="Login" time="3.936" classname="MyFramework.SignIn"/>
  <system-out/>
</testsuite> <!-- MyFramework.SignIn -->
